30-11-2025 14:08:44 - INFO - Тестовый прогон.
30-11-2025 14:08:44 - INFO - Алиса, 40
30-11-2025 14:08:44 - INFO - Боб, 35
30-11-2025 14:08:44 - INFO - , -5
30-11-2025 14:08:44 - WARNING - Некорректный тип данных для возраста
30-11-2025 14:08:44 - WARNING - Имя не может быть пустым
30-11-2025 14:08:44 - WARNING - Некорректный тип данных для возраста
30-11-2025 14:08:44 - WARNING - Завышенный возраст
30-11-2025 14:08:44 - INFO - Антон, 0
30-11-2025 14:08:44 - INFO - Безымянный, 0
30-11-2025 14:08:44 - INFO - Вова, 120
30-11-2025 14:23:18 - INFO - РўРµСЃС‚РѕРІС‹Р№ РїСЂРѕРіРѕРЅ.
30-11-2025 14:23:18 - INFO - РђР»РёСЃР°, 40
30-11-2025 14:23:18 - INFO - Р‘РѕР±, 35
30-11-2025 14:23:18 - INFO - , -5
30-11-2025 14:23:18 - WARNING - РќРµРєРѕСЂСЂРµРєС‚РЅС‹Р№ С‚РёРї РґР°РЅРЅС‹С… РґР»СЏ РІРѕР·СЂР°СЃС‚Р°
30-11-2025 14:23:18 - WARNING - РРјСЏ РЅРµ РјРѕР¶РµС‚ Р±С‹С‚СЊ РїСѓСЃС‚С‹Рј
30-11-2025 14:23:18 - WARNING - РќРµРєРѕСЂСЂРµРєС‚РЅС‹Р№ С‚РёРї РґР°РЅРЅС‹С… РґР»СЏ РІРѕР·СЂР°СЃС‚Р°
30-11-2025 14:23:18 - WARNING - Р—Р°РІС‹С€РµРЅРЅС‹Р№ РІРѕР·СЂР°СЃС‚
30-11-2025 14:23:18 - INFO - РђРЅС‚РѕРЅ, 0
30-11-2025 14:23:18 - INFO - Р‘РµР·С‹РјСЏРЅРЅС‹Р№, 0
30-11-2025 14:23:18 - INFO - Р’РѕРІР°, 120
